[debug] [2022-05-20T08:24:28.117Z] ----------------------------------------------------------------------
[debug] [2022-05-20T08:24:28.121Z] Command:       C:\Program Files\nodejs\node.exe C:\Users\denni\AppData\Roaming\npm\node_modules\firebase-tools\lib\bin\firebase.js emulators:start
[debug] [2022-05-20T08:24:28.123Z] CLI Version:   11.0.0
[debug] [2022-05-20T08:24:28.123Z] Platform:      win32
[debug] [2022-05-20T08:24:28.123Z] Node Version:  v16.15.0
[debug] [2022-05-20T08:24:28.134Z] Time:          Fri May 20 2022 11:24:28 GMT+0300 (East Africa Time)
[debug] [2022-05-20T08:24:28.135Z] ----------------------------------------------------------------------
[debug] 
[debug] [2022-05-20T08:24:28.263Z] > command requires scopes: ["email","openid","https://www.googleapis.com/auth/cloudplatformprojects.readonly","https://www.googleapis.com/auth/firebase","https://www.googleapis.com/auth/cloud-platform"]
[debug] [2022-05-20T08:24:28.264Z] > authorizing via signed-in user (denniskinuthiaw@gmail.com)
[debug] [2022-05-20T08:24:28.633Z] java version "17" 2021-09-14 LTS

[debug] [2022-05-20T08:24:28.637Z] Java(TM) SE Runtime Environment (build 17+35-LTS-2724)
Java HotSpot(TM) 64-Bit Server VM (build 17+35-LTS-2724, mixed mode, sharing)

[debug] [2022-05-20T08:24:28.663Z] Parsed Java major version: 17
[info] i  emulators: Starting emulators: auth, functions, firestore {"metadata":{"emulator":{"name":"hub"},"message":"Starting emulators: auth, functions, firestore"}}
[debug] [2022-05-20T08:24:28.733Z] [hub] writing locator at C:\Users\denni\AppData\Local\Temp\hub-netninjaprojects.json
[warn] !  functions: The following emulators are not running, calls to these services from the Functions emulator will affect production: database, hosting, pubsub, storage {"metadata":{"emulator":{"name":"functions"},"message":"The following emulators are not running, calls to these services from the Functions emulator will affect production: \u001b[1mdatabase, hosting, pubsub, storage\u001b[22m"}}
[info] +  functions: Using node@16 from host. {"metadata":{"emulator":{"name":"functions"},"message":"Using node@16 from host."}}
[debug] [2022-05-20T08:24:28.795Z] defaultcredentials: writing to file C:\Users\denni\AppData\Roaming\firebase\denniskinuthiaw_gmail_com_application_default_credentials.json
[debug] [2022-05-20T08:24:28.798Z] Setting GAC to C:\Users\denni\AppData\Roaming\firebase\denniskinuthiaw_gmail_com_application_default_credentials.json {"metadata":{"emulator":{"name":"functions"},"message":"Setting GAC to C:\\Users\\denni\\AppData\\Roaming\\firebase\\denniskinuthiaw_gmail_com_application_default_credentials.json"}}
[debug] [2022-05-20T08:24:28.803Z] >>> [apiv2][query] GET https://firebase.googleapis.com/v1beta1/projects/netninjaprojects/adminSdkConfig [none]
[debug] [2022-05-20T08:24:28.808Z] Failed to get Admin SDK config for netninjaprojects, falling back to cacheFailed to get Admin SDK for Firebase project netninjaprojects. Please make sure the project exists and your account has permission to access it. {"name":"FirebaseError","children":[],"exit":2,"message":"Failed to get Admin SDK for Firebase project netninjaprojects. Please make sure the project exists and your account has permission to access it.","original":{"name":"FirebaseError","children":[],"exit":1,"message":"Failed to make request to https://firebase.googleapis.com/v1beta1/projects/netninjaprojects/adminSdkConfig","original":{"message":"request to https://firebase.googleapis.com/v1beta1/projects/netninjaprojects/adminSdkConfig failed, reason: getaddrinfo ENOTFOUND firebase.googleapis.com","type":"system","errno":"ENOTFOUND","code":"ENOTFOUND"},"status":500},"status":500}
[debug] [2022-05-20T08:24:28.825Z] Ignoring unsupported arg: projectId {"metadata":{"emulator":{"name":"firestore"},"message":"Ignoring unsupported arg: projectId"}}
[debug] [2022-05-20T08:24:28.826Z] Ignoring unsupported arg: auto_download {"metadata":{"emulator":{"name":"firestore"},"message":"Ignoring unsupported arg: auto_download"}}
[debug] [2022-05-20T08:24:28.826Z] Starting Firestore Emulator with command {"binary":"java","args":["-Dgoogle.cloud_firestore.debug_log_level=FINE","-Duser.language=en","-jar","C:\\Users\\denni\\.cache\\firebase\\emulators\\cloud-firestore-emulator-v1.14.3.jar","--host","localhost","--port",8080,"--rules","C:\\Users\\denni\\Desktop\\code2\\article\\reactfb\\firestore.rules","--functions_emulator","localhost:5001"],"optionalArgs":["port","webchannel_port","host","rules","functions_emulator","seed_from_export"],"joinArgs":false} {"metadata":{"emulator":{"name":"firestore"},"message":"Starting Firestore Emulator with command {\"binary\":\"java\",\"args\":[\"-Dgoogle.cloud_firestore.debug_log_level=FINE\",\"-Duser.language=en\",\"-jar\",\"C:\\\\Users\\\\denni\\\\.cache\\\\firebase\\\\emulators\\\\cloud-firestore-emulator-v1.14.3.jar\",\"--host\",\"localhost\",\"--port\",8080,\"--rules\",\"C:\\\\Users\\\\denni\\\\Desktop\\\\code2\\\\article\\\\reactfb\\\\firestore.rules\",\"--functions_emulator\",\"localhost:5001\"],\"optionalArgs\":[\"port\",\"webchannel_port\",\"host\",\"rules\",\"functions_emulator\",\"seed_from_export\"],\"joinArgs\":false}"}}
[info] i  firestore: Firestore Emulator logging to firestore-debug.log {"metadata":{"emulator":{"name":"firestore"},"message":"Firestore Emulator logging to \u001b[1mfirestore-debug.log\u001b[22m"}}
[debug] [2022-05-20T08:24:45.587Z] Ignoring unsupported arg: auto_download {"metadata":{"emulator":{"name":"ui"},"message":"Ignoring unsupported arg: auto_download"}}
[debug] [2022-05-20T08:24:45.587Z] Ignoring unsupported arg: port {"metadata":{"emulator":{"name":"ui"},"message":"Ignoring unsupported arg: port"}}
[debug] [2022-05-20T08:24:45.588Z] Starting Emulator UI with command {"binary":"node","args":["--dns-result-order=ipv4first","C:\\Users\\denni\\.cache\\firebase\\emulators\\ui-v1.7.0\\server.bundle.js"],"optionalArgs":[],"joinArgs":false} {"metadata":{"emulator":{"name":"ui"},"message":"Starting Emulator UI with command {\"binary\":\"node\",\"args\":[\"--dns-result-order=ipv4first\",\"C:\\\\Users\\\\denni\\\\.cache\\\\firebase\\\\emulators\\\\ui-v1.7.0\\\\server.bundle.js\"],\"optionalArgs\":[],\"joinArgs\":false}"}}
[info] i  ui: Emulator UI logging to ui-debug.log {"metadata":{"emulator":{"name":"ui"},"message":"Emulator UI logging to \u001b[1mui-debug.log\u001b[22m"}}
[debug] [2022-05-20T08:24:45.834Z] Web / API server started at localhost:4000
 {"metadata":{"emulator":{"name":"ui"},"message":"Web / API server started at localhost:4000\n"}}
[info] i  functions: Watching "C:\Users\denni\Desktop\code2\article\reactfb\functions" for Cloud Functions... {"metadata":{"emulator":{"name":"functions"},"message":"Watching \"C:\\Users\\denni\\Desktop\\code2\\article\\reactfb\\functions\" for Cloud Functions..."}}
[debug] [2022-05-20T08:24:45.875Z] Validating nodejs source
[debug] [2022-05-20T08:26:01.125Z] > [functions] package.json contents: {
  "name": "functions",
  "description": "Cloud Functions for Firebase",
  "scripts": {
    "serve": "firebase emulators:start --only functions",
    "shell": "firebase functions:shell",
    "start": "npm run shell",
    "deploy": "firebase deploy --only functions",
    "logs": "firebase functions:log"
  },
  "engines": {
    "node": "16"
  },
  "main": "index.js",
  "dependencies": {
    "firebase-admin": "^10.0.2",
    "firebase-functions": "^3.18.0"
  },
  "devDependencies": {
    "firebase-functions-test": "^0.2.0"
  },
  "private": true
}
[debug] [2022-05-20T08:26:01.126Z] Building nodejs source
[debug] [2022-05-20T08:26:01.126Z] Analyzing nodejs backend spec
[debug] [2022-05-20T08:26:01.130Z] Could not find functions.yaml. Must use http discovery
[debug] [2022-05-20T08:26:01.934Z] Serving at port 9005

[debug] [2022-05-20T08:26:02.118Z] Got response from /__/functions.yaml {"endpoints":{},"specVersion":"v1alpha1","requiredAPIs":[]}
[debug] [2022-05-20T08:26:02.132Z] shutdown requested via /__/quitquitquit

[info] 
┌─────────────────────────────────────────────────────────────┐
│ ✔  All emulators ready! It is now safe to connect your app. │
│ i  View Emulator UI at http://localhost:4000                │
└─────────────────────────────────────────────────────────────┘

┌────────────────┬────────────────┬─────────────────────────────────┐
│ Emulator       │ Host:Port      │ View in Emulator UI             │
├────────────────┼────────────────┼─────────────────────────────────┤
│ Authentication │ localhost:9099 │ http://localhost:4000/auth      │
├────────────────┼────────────────┼─────────────────────────────────┤
│ Functions      │ localhost:5001 │ http://localhost:4000/functions │
├────────────────┼────────────────┼─────────────────────────────────┤
│ Firestore      │ localhost:8080 │ http://localhost:4000/firestore │
└────────────────┴────────────────┴─────────────────────────────────┘
  Emulator Hub running at localhost:4400
  Other reserved ports: 4500

Issues? Report them at https://github.com/firebase/firebase-tools/issues and attach the *-debug.log files.
 
[debug] [2022-05-20T09:23:50.552Z] >>> [apiv2][query] POST http://localhost:5001/functions/projects/netninjaprojects/trigger_multicast [none]
[debug] [2022-05-20T09:23:50.570Z] >>> [apiv2][body] POST http://localhost:5001/functions/projects/netninjaprojects/trigger_multicast {"eventId":"2a6d8c8e-15b0-4525-be70-bfffb93db5b6","eventType":"providers/firebase.auth/eventTypes/user.create","resource":{"name":"projects/netninjaprojects","service":"firebaseauth.googleapis.com"},"params":{},"timestamp":"2022-05-20T09:23:50.517Z","data":{"uid":"O824jkuhKPSMLMrD0nJJT1YZLoZy","email":"otter.raccoon.974@example.com","emailVerified":true,"displayName":"Otter Raccoon","metadata":{"creationTime":"2022-05-20T09:23:50.484Z","lastSignInTime":"2022-05-20T09:23:50.480Z"},"customClaims":{},"providerData":[{"providerId":"google.com","rawId":"9099719222614669303097180669752136824494","federatedId":"9099719222614669303097180669752136824494","displayName":"Otter Raccoon","email":"otter.raccoon.974@example.com","screenName":"raccoon_otter"}]}}
[debug] [2022-05-20T09:23:50.640Z] <<< [apiv2][status] POST http://localhost:5001/functions/projects/netninjaprojects/trigger_multicast 200
[debug] [2022-05-20T09:23:50.640Z] <<< [apiv2][body] POST http://localhost:5001/functions/projects/netninjaprojects/trigger_multicast {"status":"multicast_acknowledged"}
[debug] [2022-05-20T09:45:35.862Z] >>> [apiv2][query] POST http://localhost:5001/functions/projects/netninjaprojects/trigger_multicast [none]
[debug] [2022-05-20T09:45:35.873Z] >>> [apiv2][body] POST http://localhost:5001/functions/projects/netninjaprojects/trigger_multicast {"eventId":"71e5c151-3405-48a7-bfc1-e1595789f298","eventType":"providers/firebase.auth/eventTypes/user.delete","resource":{"name":"projects/netninjaprojects","service":"firebaseauth.googleapis.com"},"params":{},"timestamp":"2022-05-20T09:45:35.849Z","data":{"uid":"O824jkuhKPSMLMrD0nJJT1YZLoZy","email":"otter.raccoon.974@example.com","emailVerified":true,"displayName":"Otter Raccoon","metadata":{"creationTime":"2022-05-20T09:23:50.484Z","lastSignInTime":"2022-05-20T09:23:50.585Z"},"customClaims":{},"providerData":[{"providerId":"google.com","rawId":"9099719222614669303097180669752136824494","federatedId":"9099719222614669303097180669752136824494","displayName":"Otter Raccoon","email":"otter.raccoon.974@example.com","screenName":"raccoon_otter"}]}}
[debug] [2022-05-20T09:45:35.907Z] <<< [apiv2][status] POST http://localhost:5001/functions/projects/netninjaprojects/trigger_multicast 200
[debug] [2022-05-20T09:45:35.907Z] <<< [apiv2][body] POST http://localhost:5001/functions/projects/netninjaprojects/trigger_multicast {"status":"multicast_acknowledged"}
[debug] [2022-05-20T10:01:02.243Z] >>> [apiv2][query] POST http://localhost:5001/functions/projects/netninjaprojects/trigger_multicast [none]
[debug] [2022-05-20T10:01:02.266Z] >>> [apiv2][body] POST http://localhost:5001/functions/projects/netninjaprojects/trigger_multicast {"eventId":"3d524442-d27b-4ebb-9877-4f22a44fc99d","eventType":"providers/firebase.auth/eventTypes/user.create","resource":{"name":"projects/netninjaprojects","service":"firebaseauth.googleapis.com"},"params":{},"timestamp":"2022-05-20T10:01:02.227Z","data":{"uid":"yDRYwUfEE83DYh4W68pVyMjYp1iM","email":"mountain.peach.90@example.com","emailVerified":true,"displayName":"Mountain Peach","metadata":{"creationTime":"2022-05-20T10:01:02.216Z","lastSignInTime":"2022-05-20T10:01:02.213Z"},"customClaims":{},"providerData":[{"providerId":"google.com","rawId":"8506205338135666395570709774949527777931","federatedId":"8506205338135666395570709774949527777931","displayName":"Mountain Peach","email":"mountain.peach.90@example.com","screenName":"peach_mountain"}]}}
[debug] [2022-05-20T10:01:02.383Z] <<< [apiv2][status] POST http://localhost:5001/functions/projects/netninjaprojects/trigger_multicast 200
[debug] [2022-05-20T10:01:02.384Z] <<< [apiv2][body] POST http://localhost:5001/functions/projects/netninjaprojects/trigger_multicast {"status":"multicast_acknowledged"}
